<?xml version="1.0" encoding="UTF-8"?>
<!-- Generated by org.testng.reporters.JUnitXMLReporter -->
<testsuite hostname="LAPTOP-LUS4N0CT" name="Test" tests="6" failures="0" timestamp="15 Jul 2022 12:56:20 GMT" time="14.126" errors="0">
  <testcase name="login" time="2.138" classname="org.testng.TestngTask"/>
  <testcase name="search" time="2.149" classname="org.testng.TestngTask"/>
  <testcase name="mobiles" time="2.166" classname="org.testng.TestngTask"/>
  <testcase name="screenshot" time="0.006" classname="org.testng.TestngTask"/>
  <testcase name="screenshot" time="0.002" classname="org.testng.TestngTask"/>
  <testcase name="screenshot" time="0.002" classname="org.testng.TestngTask"/>
</testsuite> <!-- Test -->
