<?xml version="1.0" encoding="UTF-8"?>
<testng-results skipped="0" failed="0" total="6" passed="6">
  <reporter-output>
  </reporter-output>
  <suite name="Suite" duration-ms="14126" started-at="2022-07-15T12:56:06Z" finished-at="2022-07-15T12:56:20Z">
    <groups>
    </groups>
    <test name="Test" duration-ms="14126" started-at="2022-07-15T12:56:06Z" finished-at="2022-07-15T12:56:20Z">
      <class name="org.testng.TestngTask">
        <test-method status="PASS" signature="browserlaunch(java.lang.String)[pri:0, instance:org.testng.TestngTask@4bec1f0c]" name="browserlaunch" is-config="true" duration-ms="7604" started-at="2022-07-15T18:26:06Z" finished-at="2022-07-15T18:26:14Z">
          <params>
            <param index="0">
              <value>
                <![CDATA[https://www.flipkart.com/]]>
              </value>
            </param>
          </params>
          <reporter-output>
          </reporter-output>
        </test-method> <!-- browserlaunch -->
        <test-method status="PASS" signature="Startingtime()[pri:0, instance:org.testng.TestngTask@4bec1f0c]" name="Startingtime" is-config="true" duration-ms="0" started-at="2022-07-15T18:26:14Z" finished-at="2022-07-15T18:26:14Z">
          <reporter-output>
          </reporter-output>
        </test-method> <!-- Startingtime -->
        <test-method status="PASS" signature="login()[pri:1, instance:org.testng.TestngTask@4bec1f0c]" name="login" duration-ms="2138" started-at="2022-07-15T18:26:14Z" finished-at="2022-07-15T18:26:16Z">
          <reporter-output>
          </reporter-output>
        </test-method> <!-- login -->
        <test-method status="PASS" signature="Endtime()[pri:0, instance:org.testng.TestngTask@4bec1f0c]" name="Endtime" is-config="true" duration-ms="0" started-at="2022-07-15T18:26:16Z" finished-at="2022-07-15T18:26:16Z">
          <reporter-output>
          </reporter-output>
        </test-method> <!-- Endtime -->
        <test-method status="PASS" signature="Startingtime()[pri:0, instance:org.testng.TestngTask@4bec1f0c]" name="Startingtime" is-config="true" duration-ms="0" started-at="2022-07-15T18:26:16Z" finished-at="2022-07-15T18:26:16Z">
          <reporter-output>
          </reporter-output>
        </test-method> <!-- Startingtime -->
        <test-method status="PASS" signature="search(java.lang.String)[pri:2, instance:org.testng.TestngTask@4bec1f0c]" name="search" duration-ms="2149" started-at="2022-07-15T18:26:16Z" data-provider="mobile" finished-at="2022-07-15T18:26:18Z">
          <params>
            <param index="0">
              <value>
                <![CDATA[redmi]]>
              </value>
            </param>
          </params>
          <reporter-output>
          </reporter-output>
        </test-method> <!-- search -->
        <test-method status="PASS" signature="Endtime()[pri:0, instance:org.testng.TestngTask@4bec1f0c]" name="Endtime" is-config="true" duration-ms="1" started-at="2022-07-15T18:26:18Z" finished-at="2022-07-15T18:26:18Z">
          <reporter-output>
          </reporter-output>
        </test-method> <!-- Endtime -->
        <test-method status="PASS" signature="Startingtime()[pri:0, instance:org.testng.TestngTask@4bec1f0c]" name="Startingtime" is-config="true" duration-ms="1" started-at="2022-07-15T18:26:18Z" finished-at="2022-07-15T18:26:18Z">
          <reporter-output>
          </reporter-output>
        </test-method> <!-- Startingtime -->
        <test-method status="PASS" signature="mobiles()[pri:3, instance:org.testng.TestngTask@4bec1f0c]" name="mobiles" duration-ms="2166" started-at="2022-07-15T18:26:18Z" finished-at="2022-07-15T18:26:20Z">
          <reporter-output>
          </reporter-output>
        </test-method> <!-- mobiles -->
        <test-method status="PASS" signature="Startingtime()[pri:0, instance:org.testng.TestngTask@4bec1f0c]" name="Startingtime" is-config="true" duration-ms="0" started-at="2022-07-15T18:26:20Z" finished-at="2022-07-15T18:26:20Z">
          <reporter-output>
          </reporter-output>
        </test-method> <!-- Startingtime -->
        <test-method status="PASS" signature="screenshot()[pri:5, instance:org.testng.TestngTask@4bec1f0c]" name="screenshot" duration-ms="6" started-at="2022-07-15T18:26:20Z" finished-at="2022-07-15T18:26:20Z">
          <reporter-output>
          </reporter-output>
        </test-method> <!-- screenshot -->
        <test-method status="PASS" signature="Endtime()[pri:0, instance:org.testng.TestngTask@4bec1f0c]" name="Endtime" is-config="true" duration-ms="0" started-at="2022-07-15T18:26:20Z" finished-at="2022-07-15T18:26:20Z">
          <reporter-output>
          </reporter-output>
        </test-method> <!-- Endtime -->
        <test-method status="PASS" signature="Startingtime()[pri:0, instance:org.testng.TestngTask@4bec1f0c]" name="Startingtime" is-config="true" duration-ms="0" started-at="2022-07-15T18:26:20Z" finished-at="2022-07-15T18:26:20Z">
          <reporter-output>
          </reporter-output>
        </test-method> <!-- Startingtime -->
        <test-method status="PASS" signature="Endtime()[pri:0, instance:org.testng.TestngTask@4bec1f0c]" name="Endtime" is-config="true" duration-ms="0" started-at="2022-07-15T18:26:20Z" finished-at="2022-07-15T18:26:20Z">
          <reporter-output>
          </reporter-output>
        </test-method> <!-- Endtime -->
        <test-method status="PASS" signature="screenshot()[pri:5, instance:org.testng.TestngTask@4bec1f0c]" name="screenshot" duration-ms="2" started-at="2022-07-15T18:26:20Z" finished-at="2022-07-15T18:26:20Z">
          <reporter-output>
          </reporter-output>
        </test-method> <!-- screenshot -->
        <test-method status="PASS" signature="Endtime()[pri:0, instance:org.testng.TestngTask@4bec1f0c]" name="Endtime" is-config="true" duration-ms="1" started-at="2022-07-15T18:26:20Z" finished-at="2022-07-15T18:26:20Z">
          <reporter-output>
          </reporter-output>
        </test-method> <!-- Endtime -->
        <test-method status="PASS" signature="screenshot()[pri:5, instance:org.testng.TestngTask@4bec1f0c]" name="screenshot" duration-ms="2" started-at="2022-07-15T18:26:20Z" finished-at="2022-07-15T18:26:20Z">
          <reporter-output>
          </reporter-output>
        </test-method> <!-- screenshot -->
        <test-method status="PASS" signature="Startingtime()[pri:0, instance:org.testng.TestngTask@4bec1f0c]" name="Startingtime" is-config="true" duration-ms="0" started-at="2022-07-15T18:26:20Z" finished-at="2022-07-15T18:26:20Z">
          <reporter-output>
          </reporter-output>
        </test-method> <!-- Startingtime -->
        <test-method status="PASS" signature="Endtime()[pri:0, instance:org.testng.TestngTask@4bec1f0c]" name="Endtime" is-config="true" duration-ms="1" started-at="2022-07-15T18:26:20Z" finished-at="2022-07-15T18:26:20Z">
          <reporter-output>
          </reporter-output>
        </test-method> <!-- Endtime -->
        <test-method status="PASS" signature="quit()[pri:0, instance:org.testng.TestngTask@4bec1f0c]" name="quit" is-config="true" duration-ms="0" started-at="2022-07-15T18:26:20Z" finished-at="2022-07-15T18:26:20Z">
          <reporter-output>
          </reporter-output>
        </test-method> <!-- quit -->
      </class> <!-- org.testng.TestngTask -->
    </test> <!-- Test -->
  </suite> <!-- Suite -->
</testng-results>
